<?xml version="1.0" encoding="UTF-8"?>
<!-- Generated by org.testng.reporters.JUnitXMLReporter -->
<testsuite ignored="0" hostname="LAPTOP-2DNF4VQJ" failures="0" tests="6" name="Default test" time="16.331" errors="0" timestamp="2023-10-03T15:41:08 IST">
  <testcase classname="api.test.DDTests" name="testpostUer" time="4.332"/>
  <testcase classname="api.test.DDTests" name="testpostUer" time="1.574"/>
  <testcase classname="api.test.DDTests" name="testpostUer" time="2.443"/>
  <testcase classname="api.test.DDTests" name="testDeleteByName" time="1.333"/>
  <testcase classname="api.test.DDTests" name="testDeleteByName" time="1.295"/>
  <testcase classname="api.test.DDTests" name="testDeleteByName" time="1.26"/>
</testsuite> <!-- Default test -->
