<?xml version="1.0" encoding="UTF-8"?>
<testng-results ignored="0" total="4" passed="4" failed="0" skipped="0">
  <reporter-output>
  </reporter-output>
  <suite started-at="2023-10-04T11:48:17 IST" name="PetSuite" finished-at="2023-10-04T11:48:32 IST" duration-ms="14846">
    <groups>
    </groups>
    <test started-at="2023-10-04T11:48:17 IST" name="PetTests" finished-at="2023-10-04T11:48:32 IST" duration-ms="14846">
      <class name="api.test.UserTests2">
        <test-method is-config="true" signature="setUp()[pri:0, instance:api.test.UserTests2@35ef1869]" started-at="2023-10-04T11:48:17 IST" name="setUp" finished-at="2023-10-04T11:48:20 IST" duration-ms="2256" status="PASS">
          <reporter-output>
          </reporter-output>
        </test-method> <!-- setUp -->
        <test-method signature="testPostUser()[pri:1, instance:api.test.UserTests2@35ef1869]" started-at="2023-10-04T11:48:20 IST" name="testPostUser" finished-at="2023-10-04T11:48:24 IST" duration-ms="4558" status="PASS">
          <reporter-output>
          </reporter-output>
        </test-method> <!-- testPostUser -->
        <test-method signature="testGetUserByName()[pri:2, instance:api.test.UserTests2@35ef1869]" started-at="2023-10-04T11:48:24 IST" name="testGetUserByName" finished-at="2023-10-04T11:48:27 IST" duration-ms="2287" status="PASS">
          <reporter-output>
          </reporter-output>
        </test-method> <!-- testGetUserByName -->
        <test-method signature="testUpdateUserByName()[pri:3, instance:api.test.UserTests2@35ef1869]" started-at="2023-10-04T11:48:27 IST" name="testUpdateUserByName" finished-at="2023-10-04T11:48:31 IST" duration-ms="3872" status="PASS">
          <reporter-output>
          </reporter-output>
        </test-method> <!-- testUpdateUserByName -->
        <test-method signature="deleteUserByName()[pri:4, instance:api.test.UserTests2@35ef1869]" started-at="2023-10-04T11:48:31 IST" name="deleteUserByName" finished-at="2023-10-04T11:48:32 IST" duration-ms="1277" status="PASS">
          <reporter-output>
          </reporter-output>
        </test-method> <!-- deleteUserByName -->
      </class> <!-- api.test.UserTests2 -->
    </test> <!-- PetTests -->
  </suite> <!-- PetSuite -->
</testng-results>
