<?xml version="1.0" encoding="UTF-8"?>
<testng-results ignored="0" total="4" passed="4" failed="0" skipped="0">
  <reporter-output>
  </reporter-output>
  <suite started-at="2023-10-04T10:37:35 IST" name="PetSuite" finished-at="2023-10-04T10:37:54 IST" duration-ms="18564">
    <groups>
    </groups>
    <test started-at="2023-10-04T10:37:35 IST" name="PetTests" finished-at="2023-10-04T10:37:54 IST" duration-ms="18564">
      <class name="api.test.UserTests2">
        <test-method is-config="true" signature="setUp()[pri:0, instance:api.test.UserTests2@13e344d]" started-at="2023-10-04T10:37:37 IST" name="setUp" finished-at="2023-10-04T10:37:39 IST" duration-ms="2377" status="PASS">
          <reporter-output>
          </reporter-output>
        </test-method> <!-- setUp -->
        <test-method signature="testPostUser()[pri:1, instance:api.test.UserTests2@13e344d]" started-at="2023-10-04T10:37:39 IST" name="testPostUser" finished-at="2023-10-04T10:37:45 IST" duration-ms="6236" status="PASS">
          <reporter-output>
          </reporter-output>
        </test-method> <!-- testPostUser -->
        <test-method signature="testGetUserByName()[pri:2, instance:api.test.UserTests2@13e344d]" started-at="2023-10-04T10:37:46 IST" name="testGetUserByName" finished-at="2023-10-04T10:37:47 IST" duration-ms="1286" status="PASS">
          <reporter-output>
          </reporter-output>
        </test-method> <!-- testGetUserByName -->
        <test-method signature="testUpdateUserByName()[pri:3, instance:api.test.UserTests2@13e344d]" started-at="2023-10-04T10:37:47 IST" name="testUpdateUserByName" finished-at="2023-10-04T10:37:53 IST" duration-ms="5764" status="PASS">
          <reporter-output>
          </reporter-output>
        </test-method> <!-- testUpdateUserByName -->
        <test-method signature="deleteUserByName()[pri:4, instance:api.test.UserTests2@13e344d]" started-at="2023-10-04T10:37:53 IST" name="deleteUserByName" finished-at="2023-10-04T10:37:54 IST" duration-ms="1229" status="PASS">
          <reporter-output>
          </reporter-output>
        </test-method> <!-- deleteUserByName -->
      </class> <!-- api.test.UserTests2 -->
    </test> <!-- PetTests -->
  </suite> <!-- PetSuite -->
</testng-results>
