<?xml version="1.0" encoding="UTF-8"?>
<!-- Generated by org.testng.reporters.JUnitXMLReporter -->
<testsuite ignored="0" hostname="LAPTOP-2DNF4VQJ" failures="0" tests="4" name="PetTests" time="18.564" errors="0" timestamp="2023-10-04T10:37:54 IST">
  <testcase classname="api.test.UserTests2" name="testPostUser" time="6.236"/>
  <testcase classname="api.test.UserTests2" name="testGetUserByName" time="1.286"/>
  <testcase classname="api.test.UserTests2" name="testUpdateUserByName" time="5.764"/>
  <testcase classname="api.test.UserTests2" name="deleteUserByName" time="1.229"/>
</testsuite> <!-- PetTests -->
